build/app/intermediates/manifest_merge_blame_file/debug/manifest-merger-blame-debug-report.txt
1<?xml version="1.0" encoding="utf-8"?>
2<manifest xmlns:android="http://schemas.android.com/apk/res/android"
3    package="com.example.topkiddo"
4    android:versionCode="1"
5    android:versionName="1.0.0" >
6
7    <uses-sdk
8        android:minSdkVersion="16"
9        android:targetSdkVersion="28" />
10    <!--
11         Flutter needs it to communicate with the running application
12         to allow setting breakpoints, to provide hot reload, etc.
13    -->
14    <uses-permission android:name="android.permission.INTERNET" />
14-->src\debug\AndroidManifest.xml:6:5-66
14-->src\debug\AndroidManifest.xml:6:22-64
15    <!--
16     io.flutter.app.FlutterApplication is an android.app.Application that
17         calls FlutterMain.startInitialization(this); in its onCreate method.
18         In most cases you can leave this as-is, but you if you want to provide
19         additional functionality it is fine to subclass or reimplement
20         FlutterApplication and put your custom class here.
21    -->
22    <application
22-->src\main\AndroidManifest.xml:8:5-47:19
23        android:name="io.flutter.app.FlutterApplication"
23-->src\main\AndroidManifest.xml:9:9-57
24        android:appComponentFactory="androidx.core.app.CoreComponentFactory"
24-->[androidx.core:core:1.1.0] AndroidManifest.xml:24:18-86
25        android:debuggable="true"
26        android:icon="@mipmap/ic_launcher"
26-->src\main\AndroidManifest.xml:12:9-43
27        android:label="topkiddo"
27-->src\main\AndroidManifest.xml:10:9-33
28        android:usesCleartextTraffic="true" >
28-->src\main\AndroidManifest.xml:11:9-44
29        <activity
29-->src\main\AndroidManifest.xml:13:9-41:20
30            android:name="com.example.topkiddo.MainActivity"
30-->src\main\AndroidManifest.xml:14:13-41
31            android:configChanges="orientation|keyboardHidden|keyboard|screenSize|smallestScreenSize|locale|layoutDirection|fontScale|screenLayout|density|uiMode"
31-->src\main\AndroidManifest.xml:17:13-163
32            android:hardwareAccelerated="true"
32-->src\main\AndroidManifest.xml:18:13-47
33            android:launchMode="singleTop"
33-->src\main\AndroidManifest.xml:15:13-43
34            android:theme="@style/LaunchTheme"
34-->src\main\AndroidManifest.xml:16:13-47
35            android:windowSoftInputMode="adjustResize" >
35-->src\main\AndroidManifest.xml:19:13-55
36
37            <!--
38                 Specifies an Android theme to apply to this Activity as soon as
39                 the Android process has started. This theme is visible to the user
40                 while the Flutter UI initializes. After that, this theme continues
41                 to determine the Window background behind the Flutter UI.
42            -->
43            <meta-data
43-->src\main\AndroidManifest.xml:24:13-27:17
44                android:name="io.flutter.embedding.android.NormalTheme"
44-->src\main\AndroidManifest.xml:25:15-70
45                android:resource="@style/NormalTheme" />
45-->src\main\AndroidManifest.xml:26:15-52
46            <!--
47                 Displays an Android View that continues showing the launch screen
48                 Drawable until Flutter paints its first frame, then this splash
49                 screen fades out. A splash screen is useful to avoid any visual
50                 gap between the end of Android's launch screen and the painting of
51                 Flutter's first frame.
52            -->
53            <meta-data
53-->src\main\AndroidManifest.xml:33:13-36:17
54                android:name="io.flutter.embedding.android.SplashScreenDrawable"
54-->src\main\AndroidManifest.xml:34:15-79
55                android:resource="@drawable/launch_background" />
55-->src\main\AndroidManifest.xml:35:15-61
56
57            <intent-filter>
57-->src\main\AndroidManifest.xml:37:13-40:29
58                <action android:name="android.intent.action.MAIN" />
58-->src\main\AndroidManifest.xml:38:17-68
58-->src\main\AndroidManifest.xml:38:25-66
59
60                <category android:name="android.intent.category.LAUNCHER" />
60-->src\main\AndroidManifest.xml:39:17-76
60-->src\main\AndroidManifest.xml:39:27-74
61            </intent-filter>
62        </activity>
63        <!--
64             Don't delete the meta-data below.
65             This is used by the Flutter tool to generate GeneratedPluginRegistrant.java
66        -->
67        <meta-data
67-->src\main\AndroidManifest.xml:44:9-46:33
68            android:name="flutterEmbedding"
68-->src\main\AndroidManifest.xml:45:13-44
69            android:value="2" />
69-->src\main\AndroidManifest.xml:46:13-30
70
71        <service
71-->[:firebase_auth] AndroidManifest.xml:8:9-12:19
72            android:name="com.google.firebase.components.ComponentDiscoveryService"
72-->[:firebase_auth] AndroidManifest.xml:8:18-89
73            android:directBootAware="true"
73-->[com.google.firebase:firebase-common:19.3.0] AndroidManifest.xml:34:13-43
74            android:exported="false" >
74-->[com.google.firebase:firebase-auth:19.2.0] AndroidManifest.xml:35:13-37
75            <meta-data
75-->[:firebase_auth] AndroidManifest.xml:9:13-11:85
76                android:name="com.google.firebase.components:io.flutter.plugins.firebaseauth.FlutterFirebaseAppRegistrar"
76-->[:firebase_auth] AndroidManifest.xml:10:17-122
77                android:value="com.google.firebase.components.ComponentRegistrar" />
77-->[:firebase_auth] AndroidManifest.xml:11:17-82
78            <meta-data
78-->[:firebase_core] AndroidManifest.xml:9:13-11:85
79                android:name="com.google.firebase.components:io.flutter.plugins.firebase.core.FlutterFirebaseAppRegistrar"
79-->[:firebase_core] AndroidManifest.xml:10:17-123
80                android:value="com.google.firebase.components.ComponentRegistrar" />
80-->[:firebase_core] AndroidManifest.xml:11:17-82
81            <meta-data
81-->[com.google.firebase:firebase-auth:19.2.0] AndroidManifest.xml:36:13-38:85
82                android:name="com.google.firebase.components:com.google.firebase.auth.FirebaseAuthRegistrar"
82-->[com.google.firebase:firebase-auth:19.2.0] AndroidManifest.xml:37:17-109
83                android:value="com.google.firebase.components.ComponentRegistrar" />
83-->[com.google.firebase:firebase-auth:19.2.0] AndroidManifest.xml:38:17-82
84        </service>
85
86        <activity
86-->[com.google.firebase:firebase-auth:19.2.0] AndroidManifest.xml:24:9-31:50
87            android:name="com.google.firebase.auth.internal.FederatedSignInActivity"
87-->[com.google.firebase:firebase-auth:19.2.0] AndroidManifest.xml:25:13-85
88            android:excludeFromRecents="true"
88-->[com.google.firebase:firebase-auth:19.2.0] AndroidManifest.xml:26:13-46
89            android:exported="true"
89-->[com.google.firebase:firebase-auth:19.2.0] AndroidManifest.xml:27:13-36
90            android:launchMode="singleTask"
90-->[com.google.firebase:firebase-auth:19.2.0] AndroidManifest.xml:28:13-44
91            android:permission="com.google.firebase.auth.api.gms.permission.LAUNCH_FEDERATED_SIGN_IN"
91-->[com.google.firebase:firebase-auth:19.2.0] AndroidManifest.xml:29:13-102
92            android:theme="@android:style/Theme.Translucent.NoTitleBar" />
92-->[com.google.firebase:firebase-auth:19.2.0] AndroidManifest.xml:30:13-72
93
94        <provider
94-->[com.google.firebase:firebase-common:19.3.0] AndroidManifest.xml:26:9-30:39
95            android:name="com.google.firebase.provider.FirebaseInitProvider"
95-->[com.google.firebase:firebase-common:19.3.0] AndroidManifest.xml:27:13-77
96            android:authorities="com.example.topkiddo.firebaseinitprovider"
96-->[com.google.firebase:firebase-common:19.3.0] AndroidManifest.xml:28:13-72
97            android:exported="false"
97-->[com.google.firebase:firebase-common:19.3.0] AndroidManifest.xml:29:13-37
98            android:initOrder="100" />
98-->[com.google.firebase:firebase-common:19.3.0] AndroidManifest.xml:30:13-36
99
100        <activity
100-->[com.google.android.gms:play-services-auth:16.0.1] AndroidManifest.xml:23:9-27:75
101            android:name="com.google.android.gms.auth.api.signin.internal.SignInHubActivity"
101-->[com.google.android.gms:play-services-auth:16.0.1] AndroidManifest.xml:24:13-93
102            android:excludeFromRecents="true"
102-->[com.google.android.gms:play-services-auth:16.0.1] AndroidManifest.xml:25:13-46
103            android:exported="false"
103-->[com.google.android.gms:play-services-auth:16.0.1] AndroidManifest.xml:26:13-37
104            android:theme="@android:style/Theme.Translucent.NoTitleBar" />
104-->[com.google.android.gms:play-services-auth:16.0.1] AndroidManifest.xml:27:13-72
105        <!--
106            Service handling Google Sign-In user revocation. For apps that do not integrate with
107            Google Sign-In, this service will never be started.
108        -->
109        <service
109-->[com.google.android.gms:play-services-auth:16.0.1] AndroidManifest.xml:33:9-36:110
110            android:name="com.google.android.gms.auth.api.signin.RevocationBoundService"
110-->[com.google.android.gms:play-services-auth:16.0.1] AndroidManifest.xml:34:13-89
111            android:exported="true"
111-->[com.google.android.gms:play-services-auth:16.0.1] AndroidManifest.xml:35:13-36
112            android:permission="com.google.android.gms.auth.api.signin.permission.REVOCATION_NOTIFICATION" />
112-->[com.google.android.gms:play-services-auth:16.0.1] AndroidManifest.xml:36:13-107
113
114        <activity
114-->[com.google.android.gms:play-services-base:17.1.0] AndroidManifest.xml:23:9-26:75
115            android:name="com.google.android.gms.common.api.GoogleApiActivity"
115-->[com.google.android.gms:play-services-base:17.1.0] AndroidManifest.xml:24:13-79
116            android:exported="false"
116-->[com.google.android.gms:play-services-base:17.1.0] AndroidManifest.xml:25:13-37
117            android:theme="@android:style/Theme.Translucent.NoTitleBar" />
117-->[com.google.android.gms:play-services-base:17.1.0] AndroidManifest.xml:26:13-72
118
119        <meta-data
119-->[com.google.android.gms:play-services-basement:17.0.0] AndroidManifest.xml:23:9-25:69
120            android:name="com.google.android.gms.version"
120-->[com.google.android.gms:play-services-basement:17.0.0] AndroidManifest.xml:24:13-58
121            android:value="@integer/google_play_services_version" />
121-->[com.google.android.gms:play-services-basement:17.0.0] AndroidManifest.xml:25:13-66
122    </application>
123
124</manifest>